[2022-04-28T09:49:57.226] [ERROR] default - ReferenceError: asDto is not defined
    at ProductoDaoMem.getAll (/home/marcos/coderhouse/ProgramacionBackEnd/repo/desafios-entregables/21-testeo-api/src/daos/productoDaoMem.js:22:5)
    at ProductRepo.getAll (/home/marcos/coderhouse/ProgramacionBackEnd/repo/desafios-entregables/21-testeo-api/src/repos/productRepo.js:13:38)
    at ProductService.getAll (/home/marcos/coderhouse/ProgramacionBackEnd/repo/desafios-entregables/21-testeo-api/src/services/productService.js:14:49)
    at getProductosTest (/home/marcos/coderhouse/ProgramacionBackEnd/repo/desafios-entregables/21-testeo-api/src/controllers/productos.js:5:51)
    at Layer.handle [as handle_request] (/home/marcos/coderhouse/ProgramacionBackEnd/repo/desafios-entregables/21-testeo-api/node_modules/express/lib/router/layer.js:95:5)
    at next (/home/marcos/coderhouse/ProgramacionBackEnd/repo/desafios-entregables/21-testeo-api/node_modules/express/lib/router/route.js:137:13)
    at Route.dispatch (/home/marcos/coderhouse/ProgramacionBackEnd/repo/desafios-entregables/21-testeo-api/node_modules/express/lib/router/route.js:112:3)
    at Layer.handle [as handle_request] (/home/marcos/coderhouse/ProgramacionBackEnd/repo/desafios-entregables/21-testeo-api/node_modules/express/lib/router/layer.js:95:5)
    at /home/marcos/coderhouse/ProgramacionBackEnd/repo/desafios-entregables/21-testeo-api/node_modules/express/lib/router/index.js:281:22
    at Function.process_params (/home/marcos/coderhouse/ProgramacionBackEnd/repo/desafios-entregables/21-testeo-api/node_modules/express/lib/router/index.js:341:12)
[2022-04-28T10:00:01.790] [ERROR] default - TypeError: Cannot set properties of undefined (setting 'id')
    at ProductService.save (/home/marcos/coderhouse/ProgramacionBackEnd/repo/desafios-entregables/21-testeo-api/src/services/productService.js:32:19)
    at postProducto (/home/marcos/coderhouse/ProgramacionBackEnd/repo/desafios-entregables/21-testeo-api/src/controllers/productos.js:29:35)
    at Layer.handle [as handle_request] (/home/marcos/coderhouse/ProgramacionBackEnd/repo/desafios-entregables/21-testeo-api/node_modules/express/lib/router/layer.js:95:5)
    at next (/home/marcos/coderhouse/ProgramacionBackEnd/repo/desafios-entregables/21-testeo-api/node_modules/express/lib/router/route.js:137:13)
    at Route.dispatch (/home/marcos/coderhouse/ProgramacionBackEnd/repo/desafios-entregables/21-testeo-api/node_modules/express/lib/router/route.js:112:3)
    at Layer.handle [as handle_request] (/home/marcos/coderhouse/ProgramacionBackEnd/repo/desafios-entregables/21-testeo-api/node_modules/express/lib/router/layer.js:95:5)
    at /home/marcos/coderhouse/ProgramacionBackEnd/repo/desafios-entregables/21-testeo-api/node_modules/express/lib/router/index.js:281:22
    at Function.process_params (/home/marcos/coderhouse/ProgramacionBackEnd/repo/desafios-entregables/21-testeo-api/node_modules/express/lib/router/index.js:341:12)
    at next (/home/marcos/coderhouse/ProgramacionBackEnd/repo/desafios-entregables/21-testeo-api/node_modules/express/lib/router/index.js:275:10)
    at Function.handle (/home/marcos/coderhouse/ProgramacionBackEnd/repo/desafios-entregables/21-testeo-api/node_modules/express/lib/router/index.js:174:3)
[2022-04-28T10:04:21.658] [ERROR] default - TypeError: Cannot set properties of undefined (setting 'id')
    at ProductService.save (/home/marcos/coderhouse/ProgramacionBackEnd/repo/desafios-entregables/21-testeo-api/src/services/productService.js:32:19)
    at postProducto (/home/marcos/coderhouse/ProgramacionBackEnd/repo/desafios-entregables/21-testeo-api/src/controllers/productos.js:29:35)
    at Layer.handle [as handle_request] (/home/marcos/coderhouse/ProgramacionBackEnd/repo/desafios-entregables/21-testeo-api/node_modules/express/lib/router/layer.js:95:5)
    at next (/home/marcos/coderhouse/ProgramacionBackEnd/repo/desafios-entregables/21-testeo-api/node_modules/express/lib/router/route.js:137:13)
    at Route.dispatch (/home/marcos/coderhouse/ProgramacionBackEnd/repo/desafios-entregables/21-testeo-api/node_modules/express/lib/router/route.js:112:3)
    at Layer.handle [as handle_request] (/home/marcos/coderhouse/ProgramacionBackEnd/repo/desafios-entregables/21-testeo-api/node_modules/express/lib/router/layer.js:95:5)
    at /home/marcos/coderhouse/ProgramacionBackEnd/repo/desafios-entregables/21-testeo-api/node_modules/express/lib/router/index.js:281:22
    at Function.process_params (/home/marcos/coderhouse/ProgramacionBackEnd/repo/desafios-entregables/21-testeo-api/node_modules/express/lib/router/index.js:341:12)
    at next (/home/marcos/coderhouse/ProgramacionBackEnd/repo/desafios-entregables/21-testeo-api/node_modules/express/lib/router/index.js:275:10)
    at Function.handle (/home/marcos/coderhouse/ProgramacionBackEnd/repo/desafios-entregables/21-testeo-api/node_modules/express/lib/router/index.js:174:3)
[2022-04-28T10:05:02.742] [ERROR] default - TypeError: Cannot set properties of undefined (setting 'id')
    at ProductService.save (/home/marcos/coderhouse/ProgramacionBackEnd/repo/desafios-entregables/21-testeo-api/src/services/productService.js:32:19)
    at postProducto (/home/marcos/coderhouse/ProgramacionBackEnd/repo/desafios-entregables/21-testeo-api/src/controllers/productos.js:29:35)
    at Layer.handle [as handle_request] (/home/marcos/coderhouse/ProgramacionBackEnd/repo/desafios-entregables/21-testeo-api/node_modules/express/lib/router/layer.js:95:5)
    at next (/home/marcos/coderhouse/ProgramacionBackEnd/repo/desafios-entregables/21-testeo-api/node_modules/express/lib/router/route.js:137:13)
    at Route.dispatch (/home/marcos/coderhouse/ProgramacionBackEnd/repo/desafios-entregables/21-testeo-api/node_modules/express/lib/router/route.js:112:3)
    at Layer.handle [as handle_request] (/home/marcos/coderhouse/ProgramacionBackEnd/repo/desafios-entregables/21-testeo-api/node_modules/express/lib/router/layer.js:95:5)
    at /home/marcos/coderhouse/ProgramacionBackEnd/repo/desafios-entregables/21-testeo-api/node_modules/express/lib/router/index.js:281:22
    at Function.process_params (/home/marcos/coderhouse/ProgramacionBackEnd/repo/desafios-entregables/21-testeo-api/node_modules/express/lib/router/index.js:341:12)
    at next (/home/marcos/coderhouse/ProgramacionBackEnd/repo/desafios-entregables/21-testeo-api/node_modules/express/lib/router/index.js:275:10)
    at Function.handle (/home/marcos/coderhouse/ProgramacionBackEnd/repo/desafios-entregables/21-testeo-api/node_modules/express/lib/router/index.js:174:3)
[2022-04-28T10:07:09.797] [ERROR] default - TypeError: Cannot set properties of undefined (setting 'id')
    at ProductService.save (/home/marcos/coderhouse/ProgramacionBackEnd/repo/desafios-entregables/21-testeo-api/src/services/productService.js:32:19)
    at postProducto (/home/marcos/coderhouse/ProgramacionBackEnd/repo/desafios-entregables/21-testeo-api/src/controllers/productos.js:29:35)
    at Layer.handle [as handle_request] (/home/marcos/coderhouse/ProgramacionBackEnd/repo/desafios-entregables/21-testeo-api/node_modules/express/lib/router/layer.js:95:5)
    at next (/home/marcos/coderhouse/ProgramacionBackEnd/repo/desafios-entregables/21-testeo-api/node_modules/express/lib/router/route.js:137:13)
    at Route.dispatch (/home/marcos/coderhouse/ProgramacionBackEnd/repo/desafios-entregables/21-testeo-api/node_modules/express/lib/router/route.js:112:3)
    at Layer.handle [as handle_request] (/home/marcos/coderhouse/ProgramacionBackEnd/repo/desafios-entregables/21-testeo-api/node_modules/express/lib/router/layer.js:95:5)
    at /home/marcos/coderhouse/ProgramacionBackEnd/repo/desafios-entregables/21-testeo-api/node_modules/express/lib/router/index.js:281:22
    at Function.process_params (/home/marcos/coderhouse/ProgramacionBackEnd/repo/desafios-entregables/21-testeo-api/node_modules/express/lib/router/index.js:341:12)
    at next (/home/marcos/coderhouse/ProgramacionBackEnd/repo/desafios-entregables/21-testeo-api/node_modules/express/lib/router/index.js:275:10)
    at Function.handle (/home/marcos/coderhouse/ProgramacionBackEnd/repo/desafios-entregables/21-testeo-api/node_modules/express/lib/router/index.js:174:3)
[2022-04-28T10:12:40.784] [ERROR] default - ReferenceError: nuevoProducto is not defined
    at ProductService.save (/home/marcos/coderhouse/ProgramacionBackEnd/repo/desafios-entregables/21-testeo-api/src/services/productService.js:36:54)
    at postProducto (/home/marcos/coderhouse/ProgramacionBackEnd/repo/desafios-entregables/21-testeo-api/src/controllers/productos.js:29:35)
    at Layer.handle [as handle_request] (/home/marcos/coderhouse/ProgramacionBackEnd/repo/desafios-entregables/21-testeo-api/node_modules/express/lib/router/layer.js:95:5)
    at next (/home/marcos/coderhouse/ProgramacionBackEnd/repo/desafios-entregables/21-testeo-api/node_modules/express/lib/router/route.js:137:13)
    at Route.dispatch (/home/marcos/coderhouse/ProgramacionBackEnd/repo/desafios-entregables/21-testeo-api/node_modules/express/lib/router/route.js:112:3)
    at Layer.handle [as handle_request] (/home/marcos/coderhouse/ProgramacionBackEnd/repo/desafios-entregables/21-testeo-api/node_modules/express/lib/router/layer.js:95:5)
    at /home/marcos/coderhouse/ProgramacionBackEnd/repo/desafios-entregables/21-testeo-api/node_modules/express/lib/router/index.js:281:22
    at Function.process_params (/home/marcos/coderhouse/ProgramacionBackEnd/repo/desafios-entregables/21-testeo-api/node_modules/express/lib/router/index.js:341:12)
    at next (/home/marcos/coderhouse/ProgramacionBackEnd/repo/desafios-entregables/21-testeo-api/node_modules/express/lib/router/index.js:275:10)
    at Function.handle (/home/marcos/coderhouse/ProgramacionBackEnd/repo/desafios-entregables/21-testeo-api/node_modules/express/lib/router/index.js:174:3)
[2022-04-28T10:13:34.208] [ERROR] default - ReferenceError: asDto is not defined
    at ProductoDaoMem.save (/home/marcos/coderhouse/ProgramacionBackEnd/repo/desafios-entregables/21-testeo-api/src/daos/productoDaoMem.js:33:5)
    at ProductoDaoMem.popular (/home/marcos/coderhouse/ProgramacionBackEnd/repo/desafios-entregables/21-testeo-api/src/daos/productoDaoMem.js:39:29)
    at ProductRepo.popular (/home/marcos/coderhouse/ProgramacionBackEnd/repo/desafios-entregables/21-testeo-api/src/repos/productRepo.js:27:21)
    at ProductService.save (/home/marcos/coderhouse/ProgramacionBackEnd/repo/desafios-entregables/21-testeo-api/src/services/productService.js:36:46)
    at postProducto (/home/marcos/coderhouse/ProgramacionBackEnd/repo/desafios-entregables/21-testeo-api/src/controllers/productos.js:29:35)
    at Layer.handle [as handle_request] (/home/marcos/coderhouse/ProgramacionBackEnd/repo/desafios-entregables/21-testeo-api/node_modules/express/lib/router/layer.js:95:5)
    at next (/home/marcos/coderhouse/ProgramacionBackEnd/repo/desafios-entregables/21-testeo-api/node_modules/express/lib/router/route.js:137:13)
    at Route.dispatch (/home/marcos/coderhouse/ProgramacionBackEnd/repo/desafios-entregables/21-testeo-api/node_modules/express/lib/router/route.js:112:3)
    at Layer.handle [as handle_request] (/home/marcos/coderhouse/ProgramacionBackEnd/repo/desafios-entregables/21-testeo-api/node_modules/express/lib/router/layer.js:95:5)
    at /home/marcos/coderhouse/ProgramacionBackEnd/repo/desafios-entregables/21-testeo-api/node_modules/express/lib/router/index.js:281:22
[2022-04-28T10:54:59.811] [ERROR] default - TypeError: Cannot set properties of undefined (setting 'id')
    at ProductService.save (/home/marcos/coderhouse/ProgramacionBackEnd/repo/desafios-entregables/21-testeo-api/src/services/productService.js:32:19)
    at postProducto (/home/marcos/coderhouse/ProgramacionBackEnd/repo/desafios-entregables/21-testeo-api/src/controllers/productos.js:26:35)
    at Layer.handle [as handle_request] (/home/marcos/coderhouse/ProgramacionBackEnd/repo/desafios-entregables/21-testeo-api/node_modules/express/lib/router/layer.js:95:5)
    at next (/home/marcos/coderhouse/ProgramacionBackEnd/repo/desafios-entregables/21-testeo-api/node_modules/express/lib/router/route.js:137:13)
    at Route.dispatch (/home/marcos/coderhouse/ProgramacionBackEnd/repo/desafios-entregables/21-testeo-api/node_modules/express/lib/router/route.js:112:3)
    at Layer.handle [as handle_request] (/home/marcos/coderhouse/ProgramacionBackEnd/repo/desafios-entregables/21-testeo-api/node_modules/express/lib/router/layer.js:95:5)
    at /home/marcos/coderhouse/ProgramacionBackEnd/repo/desafios-entregables/21-testeo-api/node_modules/express/lib/router/index.js:281:22
    at Function.process_params (/home/marcos/coderhouse/ProgramacionBackEnd/repo/desafios-entregables/21-testeo-api/node_modules/express/lib/router/index.js:341:12)
    at next (/home/marcos/coderhouse/ProgramacionBackEnd/repo/desafios-entregables/21-testeo-api/node_modules/express/lib/router/index.js:275:10)
    at Function.handle (/home/marcos/coderhouse/ProgramacionBackEnd/repo/desafios-entregables/21-testeo-api/node_modules/express/lib/router/index.js:174:3)
[2022-04-28T10:55:00.228] [ERROR] default - TypeError: Cannot destructure property 'id' of 'undefined' as it is undefined.
    at new ProductDto (/home/marcos/coderhouse/ProgramacionBackEnd/repo/desafios-entregables/21-testeo-api/src/dtos/productoDto.js:2:16)
    at asProductDto (/home/marcos/coderhouse/ProgramacionBackEnd/repo/desafios-entregables/21-testeo-api/src/dtos/productoDto.js:15:12)
    at ProductoDaoMem.getById (/home/marcos/coderhouse/ProgramacionBackEnd/repo/desafios-entregables/21-testeo-api/src/daos/productoDaoMem.js:28:12)
    at ProductRepo.getById (/home/marcos/coderhouse/ProgramacionBackEnd/repo/desafios-entregables/21-testeo-api/src/repos/productRepo.js:18:33)
    at ProductService.getById (/home/marcos/coderhouse/ProgramacionBackEnd/repo/desafios-entregables/21-testeo-api/src/services/productService.js:23:48)
    at getProductById (/home/marcos/coderhouse/ProgramacionBackEnd/repo/desafios-entregables/21-testeo-api/src/controllers/productos.js:14:43)
    at Layer.handle [as handle_request] (/home/marcos/coderhouse/ProgramacionBackEnd/repo/desafios-entregables/21-testeo-api/node_modules/express/lib/router/layer.js:95:5)
    at next (/home/marcos/coderhouse/ProgramacionBackEnd/repo/desafios-entregables/21-testeo-api/node_modules/express/lib/router/route.js:137:13)
    at Route.dispatch (/home/marcos/coderhouse/ProgramacionBackEnd/repo/desafios-entregables/21-testeo-api/node_modules/express/lib/router/route.js:112:3)
    at Layer.handle [as handle_request] (/home/marcos/coderhouse/ProgramacionBackEnd/repo/desafios-entregables/21-testeo-api/node_modules/express/lib/router/layer.js:95:5)
[2022-04-28T10:59:00.749] [ERROR] default - TypeError: Cannot set properties of undefined (setting 'id')
    at ProductService.save (/home/marcos/coderhouse/ProgramacionBackEnd/repo/desafios-entregables/21-testeo-api/src/services/productService.js:32:19)
    at postProducto (/home/marcos/coderhouse/ProgramacionBackEnd/repo/desafios-entregables/21-testeo-api/src/controllers/productos.js:26:35)
    at Layer.handle [as handle_request] (/home/marcos/coderhouse/ProgramacionBackEnd/repo/desafios-entregables/21-testeo-api/node_modules/express/lib/router/layer.js:95:5)
    at next (/home/marcos/coderhouse/ProgramacionBackEnd/repo/desafios-entregables/21-testeo-api/node_modules/express/lib/router/route.js:137:13)
    at Route.dispatch (/home/marcos/coderhouse/ProgramacionBackEnd/repo/desafios-entregables/21-testeo-api/node_modules/express/lib/router/route.js:112:3)
    at Layer.handle [as handle_request] (/home/marcos/coderhouse/ProgramacionBackEnd/repo/desafios-entregables/21-testeo-api/node_modules/express/lib/router/layer.js:95:5)
    at /home/marcos/coderhouse/ProgramacionBackEnd/repo/desafios-entregables/21-testeo-api/node_modules/express/lib/router/index.js:281:22
    at Function.process_params (/home/marcos/coderhouse/ProgramacionBackEnd/repo/desafios-entregables/21-testeo-api/node_modules/express/lib/router/index.js:341:12)
    at next (/home/marcos/coderhouse/ProgramacionBackEnd/repo/desafios-entregables/21-testeo-api/node_modules/express/lib/router/index.js:275:10)
    at Function.handle (/home/marcos/coderhouse/ProgramacionBackEnd/repo/desafios-entregables/21-testeo-api/node_modules/express/lib/router/index.js:174:3)
[2022-04-28T10:59:01.140] [ERROR] default - TypeError: Cannot destructure property 'id' of 'undefined' as it is undefined.
    at new ProductDto (/home/marcos/coderhouse/ProgramacionBackEnd/repo/desafios-entregables/21-testeo-api/src/dtos/productoDto.js:2:16)
    at asProductDto (/home/marcos/coderhouse/ProgramacionBackEnd/repo/desafios-entregables/21-testeo-api/src/dtos/productoDto.js:15:12)
    at ProductoDaoMem.getById (/home/marcos/coderhouse/ProgramacionBackEnd/repo/desafios-entregables/21-testeo-api/src/daos/productoDaoMem.js:28:12)
    at ProductRepo.getById (/home/marcos/coderhouse/ProgramacionBackEnd/repo/desafios-entregables/21-testeo-api/src/repos/productRepo.js:18:33)
    at ProductService.getById (/home/marcos/coderhouse/ProgramacionBackEnd/repo/desafios-entregables/21-testeo-api/src/services/productService.js:23:48)
    at getProductById (/home/marcos/coderhouse/ProgramacionBackEnd/repo/desafios-entregables/21-testeo-api/src/controllers/productos.js:14:43)
    at Layer.handle [as handle_request] (/home/marcos/coderhouse/ProgramacionBackEnd/repo/desafios-entregables/21-testeo-api/node_modules/express/lib/router/layer.js:95:5)
    at next (/home/marcos/coderhouse/ProgramacionBackEnd/repo/desafios-entregables/21-testeo-api/node_modules/express/lib/router/route.js:137:13)
    at Route.dispatch (/home/marcos/coderhouse/ProgramacionBackEnd/repo/desafios-entregables/21-testeo-api/node_modules/express/lib/router/route.js:112:3)
    at Layer.handle [as handle_request] (/home/marcos/coderhouse/ProgramacionBackEnd/repo/desafios-entregables/21-testeo-api/node_modules/express/lib/router/layer.js:95:5)
[2022-04-28T17:25:42.263] [ERROR] default - TypeError: Cannot set properties of undefined (setting 'id')
    at ProductService.save (/home/marcos/coderhouse/ProgramacionBackEnd/repo/desafios-entregables/21-testeo-api/src/services/productService.js:32:19)
    at postProducto (/home/marcos/coderhouse/ProgramacionBackEnd/repo/desafios-entregables/21-testeo-api/src/controllers/productos.js:26:35)
    at Layer.handle [as handle_request] (/home/marcos/coderhouse/ProgramacionBackEnd/repo/desafios-entregables/21-testeo-api/node_modules/express/lib/router/layer.js:95:5)
    at next (/home/marcos/coderhouse/ProgramacionBackEnd/repo/desafios-entregables/21-testeo-api/node_modules/express/lib/router/route.js:137:13)
    at Route.dispatch (/home/marcos/coderhouse/ProgramacionBackEnd/repo/desafios-entregables/21-testeo-api/node_modules/express/lib/router/route.js:112:3)
    at Layer.handle [as handle_request] (/home/marcos/coderhouse/ProgramacionBackEnd/repo/desafios-entregables/21-testeo-api/node_modules/express/lib/router/layer.js:95:5)
    at /home/marcos/coderhouse/ProgramacionBackEnd/repo/desafios-entregables/21-testeo-api/node_modules/express/lib/router/index.js:281:22
    at Function.process_params (/home/marcos/coderhouse/ProgramacionBackEnd/repo/desafios-entregables/21-testeo-api/node_modules/express/lib/router/index.js:341:12)
    at next (/home/marcos/coderhouse/ProgramacionBackEnd/repo/desafios-entregables/21-testeo-api/node_modules/express/lib/router/index.js:275:10)
    at Function.handle (/home/marcos/coderhouse/ProgramacionBackEnd/repo/desafios-entregables/21-testeo-api/node_modules/express/lib/router/index.js:174:3)
[2022-04-28T17:54:29.591] [ERROR] default - TypeError: Cannot set properties of undefined (setting 'id')
    at ProductService.save (/home/marcos/coderhouse/ProgramacionBackEnd/repo/desafios-entregables/21-testeo-api/src/services/productService.js:32:19)
    at postProducto (/home/marcos/coderhouse/ProgramacionBackEnd/repo/desafios-entregables/21-testeo-api/src/controllers/productos.js:26:35)
    at Layer.handle [as handle_request] (/home/marcos/coderhouse/ProgramacionBackEnd/repo/desafios-entregables/21-testeo-api/node_modules/express/lib/router/layer.js:95:5)
    at next (/home/marcos/coderhouse/ProgramacionBackEnd/repo/desafios-entregables/21-testeo-api/node_modules/express/lib/router/route.js:137:13)
    at Route.dispatch (/home/marcos/coderhouse/ProgramacionBackEnd/repo/desafios-entregables/21-testeo-api/node_modules/express/lib/router/route.js:112:3)
    at Layer.handle [as handle_request] (/home/marcos/coderhouse/ProgramacionBackEnd/repo/desafios-entregables/21-testeo-api/node_modules/express/lib/router/layer.js:95:5)
    at /home/marcos/coderhouse/ProgramacionBackEnd/repo/desafios-entregables/21-testeo-api/node_modules/express/lib/router/index.js:281:22
    at Function.process_params (/home/marcos/coderhouse/ProgramacionBackEnd/repo/desafios-entregables/21-testeo-api/node_modules/express/lib/router/index.js:341:12)
    at next (/home/marcos/coderhouse/ProgramacionBackEnd/repo/desafios-entregables/21-testeo-api/node_modules/express/lib/router/index.js:275:10)
    at Function.handle (/home/marcos/coderhouse/ProgramacionBackEnd/repo/desafios-entregables/21-testeo-api/node_modules/express/lib/router/index.js:174:3)
[2022-04-28T17:56:49.366] [ERROR] default - TypeError: Cannot set properties of undefined (setting 'id')
    at ProductService.save (/home/marcos/coderhouse/ProgramacionBackEnd/repo/desafios-entregables/21-testeo-api/src/services/productService.js:32:19)
    at postProducto (/home/marcos/coderhouse/ProgramacionBackEnd/repo/desafios-entregables/21-testeo-api/src/controllers/productos.js:26:35)
    at Layer.handle [as handle_request] (/home/marcos/coderhouse/ProgramacionBackEnd/repo/desafios-entregables/21-testeo-api/node_modules/express/lib/router/layer.js:95:5)
    at next (/home/marcos/coderhouse/ProgramacionBackEnd/repo/desafios-entregables/21-testeo-api/node_modules/express/lib/router/route.js:137:13)
    at Route.dispatch (/home/marcos/coderhouse/ProgramacionBackEnd/repo/desafios-entregables/21-testeo-api/node_modules/express/lib/router/route.js:112:3)
    at Layer.handle [as handle_request] (/home/marcos/coderhouse/ProgramacionBackEnd/repo/desafios-entregables/21-testeo-api/node_modules/express/lib/router/layer.js:95:5)
    at /home/marcos/coderhouse/ProgramacionBackEnd/repo/desafios-entregables/21-testeo-api/node_modules/express/lib/router/index.js:281:22
    at Function.process_params (/home/marcos/coderhouse/ProgramacionBackEnd/repo/desafios-entregables/21-testeo-api/node_modules/express/lib/router/index.js:341:12)
    at next (/home/marcos/coderhouse/ProgramacionBackEnd/repo/desafios-entregables/21-testeo-api/node_modules/express/lib/router/index.js:275:10)
    at Function.handle (/home/marcos/coderhouse/ProgramacionBackEnd/repo/desafios-entregables/21-testeo-api/node_modules/express/lib/router/index.js:174:3)
[2022-04-28T17:56:49.376] [ERROR] default - TypeError: Cannot destructure property 'id' of 'undefined' as it is undefined.
    at new ProductDto (/home/marcos/coderhouse/ProgramacionBackEnd/repo/desafios-entregables/21-testeo-api/src/dtos/productoDto.js:2:16)
    at asProductDto (/home/marcos/coderhouse/ProgramacionBackEnd/repo/desafios-entregables/21-testeo-api/src/dtos/productoDto.js:15:12)
    at ProductoDaoMem.getById (/home/marcos/coderhouse/ProgramacionBackEnd/repo/desafios-entregables/21-testeo-api/src/daos/productoDaoMem.js:28:12)
    at ProductRepo.getById (/home/marcos/coderhouse/ProgramacionBackEnd/repo/desafios-entregables/21-testeo-api/src/repos/productRepo.js:18:33)
    at ProductService.getById (/home/marcos/coderhouse/ProgramacionBackEnd/repo/desafios-entregables/21-testeo-api/src/services/productService.js:23:48)
    at deleteProduct (/home/marcos/coderhouse/ProgramacionBackEnd/repo/desafios-entregables/21-testeo-api/src/controllers/productos.js:48:43)
    at Layer.handle [as handle_request] (/home/marcos/coderhouse/ProgramacionBackEnd/repo/desafios-entregables/21-testeo-api/node_modules/express/lib/router/layer.js:95:5)
    at next (/home/marcos/coderhouse/ProgramacionBackEnd/repo/desafios-entregables/21-testeo-api/node_modules/express/lib/router/route.js:137:13)
    at Route.dispatch (/home/marcos/coderhouse/ProgramacionBackEnd/repo/desafios-entregables/21-testeo-api/node_modules/express/lib/router/route.js:112:3)
    at Layer.handle [as handle_request] (/home/marcos/coderhouse/ProgramacionBackEnd/repo/desafios-entregables/21-testeo-api/node_modules/express/lib/router/layer.js:95:5)
[2022-04-28T17:56:49.390] [ERROR] default - TypeError: Cannot destructure property 'id' of 'undefined' as it is undefined.
    at new ProductDto (/home/marcos/coderhouse/ProgramacionBackEnd/repo/desafios-entregables/21-testeo-api/src/dtos/productoDto.js:2:16)
    at asProductDto (/home/marcos/coderhouse/ProgramacionBackEnd/repo/desafios-entregables/21-testeo-api/src/dtos/productoDto.js:15:12)
    at ProductoDaoMem.getById (/home/marcos/coderhouse/ProgramacionBackEnd/repo/desafios-entregables/21-testeo-api/src/daos/productoDaoMem.js:28:12)
    at ProductRepo.getById (/home/marcos/coderhouse/ProgramacionBackEnd/repo/desafios-entregables/21-testeo-api/src/repos/productRepo.js:18:33)
    at ProductService.getById (/home/marcos/coderhouse/ProgramacionBackEnd/repo/desafios-entregables/21-testeo-api/src/services/productService.js:23:48)
    at getProductById (/home/marcos/coderhouse/ProgramacionBackEnd/repo/desafios-entregables/21-testeo-api/src/controllers/productos.js:14:43)
    at Layer.handle [as handle_request] (/home/marcos/coderhouse/ProgramacionBackEnd/repo/desafios-entregables/21-testeo-api/node_modules/express/lib/router/layer.js:95:5)
    at next (/home/marcos/coderhouse/ProgramacionBackEnd/repo/desafios-entregables/21-testeo-api/node_modules/express/lib/router/route.js:137:13)
    at Route.dispatch (/home/marcos/coderhouse/ProgramacionBackEnd/repo/desafios-entregables/21-testeo-api/node_modules/express/lib/router/route.js:112:3)
    at Layer.handle [as handle_request] (/home/marcos/coderhouse/ProgramacionBackEnd/repo/desafios-entregables/21-testeo-api/node_modules/express/lib/router/layer.js:95:5)
[2022-07-05T12:39:49.015] [ERROR] default - ReferenceError: asDto is not defined
    at ProductoDaoMem.getAll (/home/lautaroconte/Downloads/Marc2p Coderhouse-Programacion-Backend main desafios-entregables-22-graphql/src/daos/productoDaoMem.js:22:5)
    at ProductRepo.getAll (/home/lautaroconte/Downloads/Marc2p Coderhouse-Programacion-Backend main desafios-entregables-22-graphql/src/repos/productRepo.js:13:38)
    at ProductService.getAll (/home/lautaroconte/Downloads/Marc2p Coderhouse-Programacion-Backend main desafios-entregables-22-graphql/src/services/productService.js:14:49)
    at Object.getAllProducts (/home/lautaroconte/Downloads/Marc2p Coderhouse-Programacion-Backend main desafios-entregables-22-graphql/src/server.js:62:37)
    at defaultFieldResolver (/home/lautaroconte/Downloads/Marc2p Coderhouse-Programacion-Backend main desafios-entregables-22-graphql/node_modules/graphql/execution/execute.js:988:36)
    at executeField (/home/lautaroconte/Downloads/Marc2p Coderhouse-Programacion-Backend main desafios-entregables-22-graphql/node_modules/graphql/execution/execute.js:481:20)
    at executeFields (/home/lautaroconte/Downloads/Marc2p Coderhouse-Programacion-Backend main desafios-entregables-22-graphql/node_modules/graphql/execution/execute.js:413:20)
    at executeOperation (/home/lautaroconte/Downloads/Marc2p Coderhouse-Programacion-Backend main desafios-entregables-22-graphql/node_modules/graphql/execution/execute.js:344:14)
    at execute (/home/lautaroconte/Downloads/Marc2p Coderhouse-Programacion-Backend main desafios-entregables-22-graphql/node_modules/graphql/execution/execute.js:136:20)
    at graphqlMiddleware (/home/lautaroconte/Downloads/Marc2p Coderhouse-Programacion-Backend main desafios-entregables-22-graphql/node_modules/express-graphql/index.js:125:32)
[2022-07-05T12:39:51.676] [ERROR] default - ReferenceError: asDto is not defined
    at ProductoDaoMem.getAll (/home/lautaroconte/Downloads/Marc2p Coderhouse-Programacion-Backend main desafios-entregables-22-graphql/src/daos/productoDaoMem.js:22:5)
    at ProductRepo.getAll (/home/lautaroconte/Downloads/Marc2p Coderhouse-Programacion-Backend main desafios-entregables-22-graphql/src/repos/productRepo.js:13:38)
    at ProductService.getAll (/home/lautaroconte/Downloads/Marc2p Coderhouse-Programacion-Backend main desafios-entregables-22-graphql/src/services/productService.js:14:49)
    at Object.getAllProducts (/home/lautaroconte/Downloads/Marc2p Coderhouse-Programacion-Backend main desafios-entregables-22-graphql/src/server.js:62:37)
    at defaultFieldResolver (/home/lautaroconte/Downloads/Marc2p Coderhouse-Programacion-Backend main desafios-entregables-22-graphql/node_modules/graphql/execution/execute.js:988:36)
    at executeField (/home/lautaroconte/Downloads/Marc2p Coderhouse-Programacion-Backend main desafios-entregables-22-graphql/node_modules/graphql/execution/execute.js:481:20)
    at executeFields (/home/lautaroconte/Downloads/Marc2p Coderhouse-Programacion-Backend main desafios-entregables-22-graphql/node_modules/graphql/execution/execute.js:413:20)
    at executeOperation (/home/lautaroconte/Downloads/Marc2p Coderhouse-Programacion-Backend main desafios-entregables-22-graphql/node_modules/graphql/execution/execute.js:344:14)
    at execute (/home/lautaroconte/Downloads/Marc2p Coderhouse-Programacion-Backend main desafios-entregables-22-graphql/node_modules/graphql/execution/execute.js:136:20)
    at graphqlMiddleware (/home/lautaroconte/Downloads/Marc2p Coderhouse-Programacion-Backend main desafios-entregables-22-graphql/node_modules/express-graphql/index.js:125:32)
[2022-07-05T12:43:03.033] [ERROR] default - ReferenceError: asDto is not defined
    at ProductoDaoMem.getAll (/home/lautaroconte/Downloads/Marc2p Coderhouse-Programacion-Backend main desafios-entregables-22-graphql/src/daos/productoDaoMem.js:22:5)
    at ProductRepo.getAll (/home/lautaroconte/Downloads/Marc2p Coderhouse-Programacion-Backend main desafios-entregables-22-graphql/src/repos/productRepo.js:13:38)
    at ProductService.getAll (/home/lautaroconte/Downloads/Marc2p Coderhouse-Programacion-Backend main desafios-entregables-22-graphql/src/services/productService.js:14:49)
    at Object.getAllProducts (/home/lautaroconte/Downloads/Marc2p Coderhouse-Programacion-Backend main desafios-entregables-22-graphql/src/server.js:62:37)
    at defaultFieldResolver (/home/lautaroconte/Downloads/Marc2p Coderhouse-Programacion-Backend main desafios-entregables-22-graphql/node_modules/graphql/execution/execute.js:988:36)
    at executeField (/home/lautaroconte/Downloads/Marc2p Coderhouse-Programacion-Backend main desafios-entregables-22-graphql/node_modules/graphql/execution/execute.js:481:20)
    at executeFields (/home/lautaroconte/Downloads/Marc2p Coderhouse-Programacion-Backend main desafios-entregables-22-graphql/node_modules/graphql/execution/execute.js:413:20)
    at executeOperation (/home/lautaroconte/Downloads/Marc2p Coderhouse-Programacion-Backend main desafios-entregables-22-graphql/node_modules/graphql/execution/execute.js:344:14)
    at execute (/home/lautaroconte/Downloads/Marc2p Coderhouse-Programacion-Backend main desafios-entregables-22-graphql/node_modules/graphql/execution/execute.js:136:20)
    at graphqlMiddleware (/home/lautaroconte/Downloads/Marc2p Coderhouse-Programacion-Backend main desafios-entregables-22-graphql/node_modules/express-graphql/index.js:125:32)
[2022-07-05T12:43:08.974] [ERROR] default - ReferenceError: asDto is not defined
    at ProductoDaoMem.getAll (/home/lautaroconte/Downloads/Marc2p Coderhouse-Programacion-Backend main desafios-entregables-22-graphql/src/daos/productoDaoMem.js:22:5)
    at ProductRepo.getAll (/home/lautaroconte/Downloads/Marc2p Coderhouse-Programacion-Backend main desafios-entregables-22-graphql/src/repos/productRepo.js:13:38)
    at ProductService.getAll (/home/lautaroconte/Downloads/Marc2p Coderhouse-Programacion-Backend main desafios-entregables-22-graphql/src/services/productService.js:14:49)
    at Object.getAllProducts (/home/lautaroconte/Downloads/Marc2p Coderhouse-Programacion-Backend main desafios-entregables-22-graphql/src/server.js:62:37)
    at defaultFieldResolver (/home/lautaroconte/Downloads/Marc2p Coderhouse-Programacion-Backend main desafios-entregables-22-graphql/node_modules/graphql/execution/execute.js:988:36)
    at executeField (/home/lautaroconte/Downloads/Marc2p Coderhouse-Programacion-Backend main desafios-entregables-22-graphql/node_modules/graphql/execution/execute.js:481:20)
    at executeFields (/home/lautaroconte/Downloads/Marc2p Coderhouse-Programacion-Backend main desafios-entregables-22-graphql/node_modules/graphql/execution/execute.js:413:20)
    at executeOperation (/home/lautaroconte/Downloads/Marc2p Coderhouse-Programacion-Backend main desafios-entregables-22-graphql/node_modules/graphql/execution/execute.js:344:14)
    at execute (/home/lautaroconte/Downloads/Marc2p Coderhouse-Programacion-Backend main desafios-entregables-22-graphql/node_modules/graphql/execution/execute.js:136:20)
    at graphqlMiddleware (/home/lautaroconte/Downloads/Marc2p Coderhouse-Programacion-Backend main desafios-entregables-22-graphql/node_modules/express-graphql/index.js:125:32)
[2022-07-05T13:48:57.924] [ERROR] default - ReferenceError: asDto is not defined
    at ProductoDaoMem.getAll (/home/lautaroconte/Github/lauticonte/backendCoder/desafios/desafio19/src/daos/productoDaoMem.js:22:5)
    at ProductRepo.getAll (/home/lautaroconte/Github/lauticonte/backendCoder/desafios/desafio19/src/repos/productRepo.js:13:38)
    at ProductService.getAll (/home/lautaroconte/Github/lauticonte/backendCoder/desafios/desafio19/src/services/productService.js:14:49)
    at Object.getAllProducts (/home/lautaroconte/Github/lauticonte/backendCoder/desafios/desafio19/src/server.js:62:37)
    at defaultFieldResolver (/home/lautaroconte/Github/lauticonte/backendCoder/desafios/desafio19/node_modules/graphql/execution/execute.js:988:36)
    at executeField (/home/lautaroconte/Github/lauticonte/backendCoder/desafios/desafio19/node_modules/graphql/execution/execute.js:481:20)
    at executeFields (/home/lautaroconte/Github/lauticonte/backendCoder/desafios/desafio19/node_modules/graphql/execution/execute.js:413:20)
    at executeOperation (/home/lautaroconte/Github/lauticonte/backendCoder/desafios/desafio19/node_modules/graphql/execution/execute.js:344:14)
    at execute (/home/lautaroconte/Github/lauticonte/backendCoder/desafios/desafio19/node_modules/graphql/execution/execute.js:136:20)
    at graphqlMiddleware (/home/lautaroconte/Github/lauticonte/backendCoder/desafios/desafio19/node_modules/express-graphql/index.js:125:32)
[2022-07-05T13:49:00.366] [ERROR] default - ReferenceError: asDto is not defined
    at ProductoDaoMem.getAll (/home/lautaroconte/Github/lauticonte/backendCoder/desafios/desafio19/src/daos/productoDaoMem.js:22:5)
    at ProductRepo.getAll (/home/lautaroconte/Github/lauticonte/backendCoder/desafios/desafio19/src/repos/productRepo.js:13:38)
    at ProductService.getAll (/home/lautaroconte/Github/lauticonte/backendCoder/desafios/desafio19/src/services/productService.js:14:49)
    at Object.getAllProducts (/home/lautaroconte/Github/lauticonte/backendCoder/desafios/desafio19/src/server.js:62:37)
    at defaultFieldResolver (/home/lautaroconte/Github/lauticonte/backendCoder/desafios/desafio19/node_modules/graphql/execution/execute.js:988:36)
    at executeField (/home/lautaroconte/Github/lauticonte/backendCoder/desafios/desafio19/node_modules/graphql/execution/execute.js:481:20)
    at executeFields (/home/lautaroconte/Github/lauticonte/backendCoder/desafios/desafio19/node_modules/graphql/execution/execute.js:413:20)
    at executeOperation (/home/lautaroconte/Github/lauticonte/backendCoder/desafios/desafio19/node_modules/graphql/execution/execute.js:344:14)
    at execute (/home/lautaroconte/Github/lauticonte/backendCoder/desafios/desafio19/node_modules/graphql/execution/execute.js:136:20)
    at graphqlMiddleware (/home/lautaroconte/Github/lauticonte/backendCoder/desafios/desafio19/node_modules/express-graphql/index.js:125:32)
[2022-07-05T13:49:01.081] [ERROR] default - ReferenceError: asDto is not defined
    at ProductoDaoMem.getAll (/home/lautaroconte/Github/lauticonte/backendCoder/desafios/desafio19/src/daos/productoDaoMem.js:22:5)
    at ProductRepo.getAll (/home/lautaroconte/Github/lauticonte/backendCoder/desafios/desafio19/src/repos/productRepo.js:13:38)
    at ProductService.getAll (/home/lautaroconte/Github/lauticonte/backendCoder/desafios/desafio19/src/services/productService.js:14:49)
    at Object.getAllProducts (/home/lautaroconte/Github/lauticonte/backendCoder/desafios/desafio19/src/server.js:62:37)
    at defaultFieldResolver (/home/lautaroconte/Github/lauticonte/backendCoder/desafios/desafio19/node_modules/graphql/execution/execute.js:988:36)
    at executeField (/home/lautaroconte/Github/lauticonte/backendCoder/desafios/desafio19/node_modules/graphql/execution/execute.js:481:20)
    at executeFields (/home/lautaroconte/Github/lauticonte/backendCoder/desafios/desafio19/node_modules/graphql/execution/execute.js:413:20)
    at executeOperation (/home/lautaroconte/Github/lauticonte/backendCoder/desafios/desafio19/node_modules/graphql/execution/execute.js:344:14)
    at execute (/home/lautaroconte/Github/lauticonte/backendCoder/desafios/desafio19/node_modules/graphql/execution/execute.js:136:20)
    at graphqlMiddleware (/home/lautaroconte/Github/lauticonte/backendCoder/desafios/desafio19/node_modules/express-graphql/index.js:125:32)
