[2022-04-28T09:49:57.226] [ERROR] default - ReferenceError: asDto is not defined
    at ProductoDaoMem.getAll (/home/marcos/coderhouse/ProgramacionBackEnd/repo/desafios-entregables/21-testeo-api/src/daos/productoDaoMem.js:22:5)
    at ProductRepo.getAll (/home/marcos/coderhouse/ProgramacionBackEnd/repo/desafios-entregables/21-testeo-api/src/repos/productRepo.js:13:38)
    at ProductService.getAll (/home/marcos/coderhouse/ProgramacionBackEnd/repo/desafios-entregables/21-testeo-api/src/services/productService.js:14:49)
    at getProductosTest (/home/marcos/coderhouse/ProgramacionBackEnd/repo/desafios-entregables/21-testeo-api/src/controllers/productos.js:5:51)
    at Layer.handle [as handle_request] (/home/marcos/coderhouse/ProgramacionBackEnd/repo/desafios-entregables/21-testeo-api/node_modules/express/lib/router/layer.js:95:5)
    at next (/home/marcos/coderhouse/ProgramacionBackEnd/repo/desafios-entregables/21-testeo-api/node_modules/express/lib/router/route.js:137:13)
    at Route.dispatch (/home/marcos/coderhouse/ProgramacionBackEnd/repo/desafios-entregables/21-testeo-api/node_modules/express/lib/router/route.js:112:3)
    at Layer.handle [as handle_request] (/home/marcos/coderhouse/ProgramacionBackEnd/repo/desafios-entregables/21-testeo-api/node_modules/express/lib/router/layer.js:95:5)
    at /home/marcos/coderhouse/ProgramacionBackEnd/repo/desafios-entregables/21-testeo-api/node_modules/express/lib/router/index.js:281:22
    at Function.process_params (/home/marcos/coderhouse/ProgramacionBackEnd/repo/desafios-entregables/21-testeo-api/node_modules/express/lib/router/index.js:341:12)
[2022-04-28T10:00:01.790] [ERROR] default - TypeError: Cannot set properties of undefined (setting 'id')
    at ProductService.save (/home/marcos/coderhouse/ProgramacionBackEnd/repo/desafios-entregables/21-testeo-api/src/services/productService.js:32:19)
    at postProducto (/home/marcos/coderhouse/ProgramacionBackEnd/repo/desafios-entregables/21-testeo-api/src/controllers/productos.js:29:35)
    at Layer.handle [as handle_request] (/home/marcos/coderhouse/ProgramacionBackEnd/repo/desafios-entregables/21-testeo-api/node_modules/express/lib/router/layer.js:95:5)
    at next (/home/marcos/coderhouse/ProgramacionBackEnd/repo/desafios-entregables/21-testeo-api/node_modules/express/lib/router/route.js:137:13)
    at Route.dispatch (/home/marcos/coderhouse/ProgramacionBackEnd/repo/desafios-entregables/21-testeo-api/node_modules/express/lib/router/route.js:112:3)
    at Layer.handle [as handle_request] (/home/marcos/coderhouse/ProgramacionBackEnd/repo/desafios-entregables/21-testeo-api/node_modules/express/lib/router/layer.js:95:5)
    at /home/marcos/coderhouse/ProgramacionBackEnd/repo/desafios-entregables/21-testeo-api/node_modules/express/lib/router/index.js:281:22
    at Function.process_params (/home/marcos/coderhouse/ProgramacionBackEnd/repo/desafios-entregables/21-testeo-api/node_modules/express/lib/router/index.js:341:12)
    at next (/home/marcos/coderhouse/ProgramacionBackEnd/repo/desafios-entregables/21-testeo-api/node_modules/express/lib/router/index.js:275:10)
    at Function.handle (/home/marcos/coderhouse/ProgramacionBackEnd/repo/desafios-entregables/21-testeo-api/node_modules/express/lib/router/index.js:174:3)
[2022-04-28T10:04:21.658] [ERROR] default - TypeError: Cannot set properties of undefined (setting 'id')
    at ProductService.save (/home/marcos/coderhouse/ProgramacionBackEnd/repo/desafios-entregables/21-testeo-api/src/services/productService.js:32:19)
    at postProducto (/home/marcos/coderhouse/ProgramacionBackEnd/repo/desafios-entregables/21-testeo-api/src/controllers/productos.js:29:35)
    at Layer.handle [as handle_request] (/home/marcos/coderhouse/ProgramacionBackEnd/repo/desafios-entregables/21-testeo-api/node_modules/express/lib/router/layer.js:95:5)
    at next (/home/marcos/coderhouse/ProgramacionBackEnd/repo/desafios-entregables/21-testeo-api/node_modules/express/lib/router/route.js:137:13)
    at Route.dispatch (/home/marcos/coderhouse/ProgramacionBackEnd/repo/desafios-entregables/21-testeo-api/node_modules/express/lib/router/route.js:112:3)
    at Layer.handle [as handle_request] (/home/marcos/coderhouse/ProgramacionBackEnd/repo/desafios-entregables/21-testeo-api/node_modules/express/lib/router/layer.js:95:5)
    at /home/marcos/coderhouse/ProgramacionBackEnd/repo/desafios-entregables/21-testeo-api/node_modules/express/lib/router/index.js:281:22
    at Function.process_params (/home/marcos/coderhouse/ProgramacionBackEnd/repo/desafios-entregables/21-testeo-api/node_modules/express/lib/router/index.js:341:12)
    at next (/home/marcos/coderhouse/ProgramacionBackEnd/repo/desafios-entregables/21-testeo-api/node_modules/express/lib/router/index.js:275:10)
    at Function.handle (/home/marcos/coderhouse/ProgramacionBackEnd/repo/desafios-entregables/21-testeo-api/node_modules/express/lib/router/index.js:174:3)
[2022-04-28T10:05:02.742] [ERROR] default - TypeError: Cannot set properties of undefined (setting 'id')
    at ProductService.save (/home/marcos/coderhouse/ProgramacionBackEnd/repo/desafios-entregables/21-testeo-api/src/services/productService.js:32:19)
    at postProducto (/home/marcos/coderhouse/ProgramacionBackEnd/repo/desafios-entregables/21-testeo-api/src/controllers/productos.js:29:35)
    at Layer.handle [as handle_request] (/home/marcos/coderhouse/ProgramacionBackEnd/repo/desafios-entregables/21-testeo-api/node_modules/express/lib/router/layer.js:95:5)
    at next (/home/marcos/coderhouse/ProgramacionBackEnd/repo/desafios-entregables/21-testeo-api/node_modules/express/lib/router/route.js:137:13)
    at Route.dispatch (/home/marcos/coderhouse/ProgramacionBackEnd/repo/desafios-entregables/21-testeo-api/node_modules/express/lib/router/route.js:112:3)
    at Layer.handle [as handle_request] (/home/marcos/coderhouse/ProgramacionBackEnd/repo/desafios-entregables/21-testeo-api/node_modules/express/lib/router/layer.js:95:5)
    at /home/marcos/coderhouse/ProgramacionBackEnd/repo/desafios-entregables/21-testeo-api/node_modules/express/lib/router/index.js:281:22
    at Function.process_params (/home/marcos/coderhouse/ProgramacionBackEnd/repo/desafios-entregables/21-testeo-api/node_modules/express/lib/router/index.js:341:12)
    at next (/home/marcos/coderhouse/ProgramacionBackEnd/repo/desafios-entregables/21-testeo-api/node_modules/express/lib/router/index.js:275:10)
    at Function.handle (/home/marcos/coderhouse/ProgramacionBackEnd/repo/desafios-entregables/21-testeo-api/node_modules/express/lib/router/index.js:174:3)
[2022-04-28T10:07:09.797] [ERROR] default - TypeError: Cannot set properties of undefined (setting 'id')
    at ProductService.save (/home/marcos/coderhouse/ProgramacionBackEnd/repo/desafios-entregables/21-testeo-api/src/services/productService.js:32:19)
    at postProducto (/home/marcos/coderhouse/ProgramacionBackEnd/repo/desafios-entregables/21-testeo-api/src/controllers/productos.js:29:35)
    at Layer.handle [as handle_request] (/home/marcos/coderhouse/ProgramacionBackEnd/repo/desafios-entregables/21-testeo-api/node_modules/express/lib/router/layer.js:95:5)
    at next (/home/marcos/coderhouse/ProgramacionBackEnd/repo/desafios-entregables/21-testeo-api/node_modules/express/lib/router/route.js:137:13)
    at Route.dispatch (/home/marcos/coderhouse/ProgramacionBackEnd/repo/desafios-entregables/21-testeo-api/node_modules/express/lib/router/route.js:112:3)
    at Layer.handle [as handle_request] (/home/marcos/coderhouse/ProgramacionBackEnd/repo/desafios-entregables/21-testeo-api/node_modules/express/lib/router/layer.js:95:5)
    at /home/marcos/coderhouse/ProgramacionBackEnd/repo/desafios-entregables/21-testeo-api/node_modules/express/lib/router/index.js:281:22
    at Function.process_params (/home/marcos/coderhouse/ProgramacionBackEnd/repo/desafios-entregables/21-testeo-api/node_modules/express/lib/router/index.js:341:12)
    at next (/home/marcos/coderhouse/ProgramacionBackEnd/repo/desafios-entregables/21-testeo-api/node_modules/express/lib/router/index.js:275:10)
    at Function.handle (/home/marcos/coderhouse/ProgramacionBackEnd/repo/desafios-entregables/21-testeo-api/node_modules/express/lib/router/index.js:174:3)
[2022-04-28T10:12:40.784] [ERROR] default - ReferenceError: nuevoProducto is not defined
    at ProductService.save (/home/marcos/coderhouse/ProgramacionBackEnd/repo/desafios-entregables/21-testeo-api/src/services/productService.js:36:54)
    at postProducto (/home/marcos/coderhouse/ProgramacionBackEnd/repo/desafios-entregables/21-testeo-api/src/controllers/productos.js:29:35)
    at Layer.handle [as handle_request] (/home/marcos/coderhouse/ProgramacionBackEnd/repo/desafios-entregables/21-testeo-api/node_modules/express/lib/router/layer.js:95:5)
    at next (/home/marcos/coderhouse/ProgramacionBackEnd/repo/desafios-entregables/21-testeo-api/node_modules/express/lib/router/route.js:137:13)
    at Route.dispatch (/home/marcos/coderhouse/ProgramacionBackEnd/repo/desafios-entregables/21-testeo-api/node_modules/express/lib/router/route.js:112:3)
    at Layer.handle [as handle_request] (/home/marcos/coderhouse/ProgramacionBackEnd/repo/desafios-entregables/21-testeo-api/node_modules/express/lib/router/layer.js:95:5)
    at /home/marcos/coderhouse/ProgramacionBackEnd/repo/desafios-entregables/21-testeo-api/node_modules/express/lib/router/index.js:281:22
    at Function.process_params (/home/marcos/coderhouse/ProgramacionBackEnd/repo/desafios-entregables/21-testeo-api/node_modules/express/lib/router/index.js:341:12)
    at next (/home/marcos/coderhouse/ProgramacionBackEnd/repo/desafios-entregables/21-testeo-api/node_modules/express/lib/router/index.js:275:10)
    at Function.handle (/home/marcos/coderhouse/ProgramacionBackEnd/repo/desafios-entregables/21-testeo-api/node_modules/express/lib/router/index.js:174:3)
[2022-04-28T10:13:34.208] [ERROR] default - ReferenceError: asDto is not defined
    at ProductoDaoMem.save (/home/marcos/coderhouse/ProgramacionBackEnd/repo/desafios-entregables/21-testeo-api/src/daos/productoDaoMem.js:33:5)
    at ProductoDaoMem.popular (/home/marcos/coderhouse/ProgramacionBackEnd/repo/desafios-entregables/21-testeo-api/src/daos/productoDaoMem.js:39:29)
    at ProductRepo.popular (/home/marcos/coderhouse/ProgramacionBackEnd/repo/desafios-entregables/21-testeo-api/src/repos/productRepo.js:27:21)
    at ProductService.save (/home/marcos/coderhouse/ProgramacionBackEnd/repo/desafios-entregables/21-testeo-api/src/services/productService.js:36:46)
    at postProducto (/home/marcos/coderhouse/ProgramacionBackEnd/repo/desafios-entregables/21-testeo-api/src/controllers/productos.js:29:35)
    at Layer.handle [as handle_request] (/home/marcos/coderhouse/ProgramacionBackEnd/repo/desafios-entregables/21-testeo-api/node_modules/express/lib/router/layer.js:95:5)
    at next (/home/marcos/coderhouse/ProgramacionBackEnd/repo/desafios-entregables/21-testeo-api/node_modules/express/lib/router/route.js:137:13)
    at Route.dispatch (/home/marcos/coderhouse/ProgramacionBackEnd/repo/desafios-entregables/21-testeo-api/node_modules/express/lib/router/route.js:112:3)
    at Layer.handle [as handle_request] (/home/marcos/coderhouse/ProgramacionBackEnd/repo/desafios-entregables/21-testeo-api/node_modules/express/lib/router/layer.js:95:5)
    at /home/marcos/coderhouse/ProgramacionBackEnd/repo/desafios-entregables/21-testeo-api/node_modules/express/lib/router/index.js:281:22
[2022-04-28T10:54:59.811] [ERROR] default - TypeError: Cannot set properties of undefined (setting 'id')
    at ProductService.save (/home/marcos/coderhouse/ProgramacionBackEnd/repo/desafios-entregables/21-testeo-api/src/services/productService.js:32:19)
    at postProducto (/home/marcos/coderhouse/ProgramacionBackEnd/repo/desafios-entregables/21-testeo-api/src/controllers/productos.js:26:35)
    at Layer.handle [as handle_request] (/home/marcos/coderhouse/ProgramacionBackEnd/repo/desafios-entregables/21-testeo-api/node_modules/express/lib/router/layer.js:95:5)
    at next (/home/marcos/coderhouse/ProgramacionBackEnd/repo/desafios-entregables/21-testeo-api/node_modules/express/lib/router/route.js:137:13)
    at Route.dispatch (/home/marcos/coderhouse/ProgramacionBackEnd/repo/desafios-entregables/21-testeo-api/node_modules/express/lib/router/route.js:112:3)
    at Layer.handle [as handle_request] (/home/marcos/coderhouse/ProgramacionBackEnd/repo/desafios-entregables/21-testeo-api/node_modules/express/lib/router/layer.js:95:5)
    at /home/marcos/coderhouse/ProgramacionBackEnd/repo/desafios-entregables/21-testeo-api/node_modules/express/lib/router/index.js:281:22
    at Function.process_params (/home/marcos/coderhouse/ProgramacionBackEnd/repo/desafios-entregables/21-testeo-api/node_modules/express/lib/router/index.js:341:12)
    at next (/home/marcos/coderhouse/ProgramacionBackEnd/repo/desafios-entregables/21-testeo-api/node_modules/express/lib/router/index.js:275:10)
    at Function.handle (/home/marcos/coderhouse/ProgramacionBackEnd/repo/desafios-entregables/21-testeo-api/node_modules/express/lib/router/index.js:174:3)
[2022-04-28T10:55:00.228] [ERROR] default - TypeError: Cannot destructure property 'id' of 'undefined' as it is undefined.
    at new ProductDto (/home/marcos/coderhouse/ProgramacionBackEnd/repo/desafios-entregables/21-testeo-api/src/dtos/productoDto.js:2:16)
    at asProductDto (/home/marcos/coderhouse/ProgramacionBackEnd/repo/desafios-entregables/21-testeo-api/src/dtos/productoDto.js:15:12)
    at ProductoDaoMem.getById (/home/marcos/coderhouse/ProgramacionBackEnd/repo/desafios-entregables/21-testeo-api/src/daos/productoDaoMem.js:28:12)
    at ProductRepo.getById (/home/marcos/coderhouse/ProgramacionBackEnd/repo/desafios-entregables/21-testeo-api/src/repos/productRepo.js:18:33)
    at ProductService.getById (/home/marcos/coderhouse/ProgramacionBackEnd/repo/desafios-entregables/21-testeo-api/src/services/productService.js:23:48)
    at getProductById (/home/marcos/coderhouse/ProgramacionBackEnd/repo/desafios-entregables/21-testeo-api/src/controllers/productos.js:14:43)
    at Layer.handle [as handle_request] (/home/marcos/coderhouse/ProgramacionBackEnd/repo/desafios-entregables/21-testeo-api/node_modules/express/lib/router/layer.js:95:5)
    at next (/home/marcos/coderhouse/ProgramacionBackEnd/repo/desafios-entregables/21-testeo-api/node_modules/express/lib/router/route.js:137:13)
    at Route.dispatch (/home/marcos/coderhouse/ProgramacionBackEnd/repo/desafios-entregables/21-testeo-api/node_modules/express/lib/router/route.js:112:3)
    at Layer.handle [as handle_request] (/home/marcos/coderhouse/ProgramacionBackEnd/repo/desafios-entregables/21-testeo-api/node_modules/express/lib/router/layer.js:95:5)
[2022-04-28T10:59:00.749] [ERROR] default - TypeError: Cannot set properties of undefined (setting 'id')
    at ProductService.save (/home/marcos/coderhouse/ProgramacionBackEnd/repo/desafios-entregables/21-testeo-api/src/services/productService.js:32:19)
    at postProducto (/home/marcos/coderhouse/ProgramacionBackEnd/repo/desafios-entregables/21-testeo-api/src/controllers/productos.js:26:35)
    at Layer.handle [as handle_request] (/home/marcos/coderhouse/ProgramacionBackEnd/repo/desafios-entregables/21-testeo-api/node_modules/express/lib/router/layer.js:95:5)
    at next (/home/marcos/coderhouse/ProgramacionBackEnd/repo/desafios-entregables/21-testeo-api/node_modules/express/lib/router/route.js:137:13)
    at Route.dispatch (/home/marcos/coderhouse/ProgramacionBackEnd/repo/desafios-entregables/21-testeo-api/node_modules/express/lib/router/route.js:112:3)
    at Layer.handle [as handle_request] (/home/marcos/coderhouse/ProgramacionBackEnd/repo/desafios-entregables/21-testeo-api/node_modules/express/lib/router/layer.js:95:5)
    at /home/marcos/coderhouse/ProgramacionBackEnd/repo/desafios-entregables/21-testeo-api/node_modules/express/lib/router/index.js:281:22
    at Function.process_params (/home/marcos/coderhouse/ProgramacionBackEnd/repo/desafios-entregables/21-testeo-api/node_modules/express/lib/router/index.js:341:12)
    at next (/home/marcos/coderhouse/ProgramacionBackEnd/repo/desafios-entregables/21-testeo-api/node_modules/express/lib/router/index.js:275:10)
    at Function.handle (/home/marcos/coderhouse/ProgramacionBackEnd/repo/desafios-entregables/21-testeo-api/node_modules/express/lib/router/index.js:174:3)
[2022-04-28T10:59:01.140] [ERROR] default - TypeError: Cannot destructure property 'id' of 'undefined' as it is undefined.
    at new ProductDto (/home/marcos/coderhouse/ProgramacionBackEnd/repo/desafios-entregables/21-testeo-api/src/dtos/productoDto.js:2:16)
    at asProductDto (/home/marcos/coderhouse/ProgramacionBackEnd/repo/desafios-entregables/21-testeo-api/src/dtos/productoDto.js:15:12)
    at ProductoDaoMem.getById (/home/marcos/coderhouse/ProgramacionBackEnd/repo/desafios-entregables/21-testeo-api/src/daos/productoDaoMem.js:28:12)
    at ProductRepo.getById (/home/marcos/coderhouse/ProgramacionBackEnd/repo/desafios-entregables/21-testeo-api/src/repos/productRepo.js:18:33)
    at ProductService.getById (/home/marcos/coderhouse/ProgramacionBackEnd/repo/desafios-entregables/21-testeo-api/src/services/productService.js:23:48)
    at getProductById (/home/marcos/coderhouse/ProgramacionBackEnd/repo/desafios-entregables/21-testeo-api/src/controllers/productos.js:14:43)
    at Layer.handle [as handle_request] (/home/marcos/coderhouse/ProgramacionBackEnd/repo/desafios-entregables/21-testeo-api/node_modules/express/lib/router/layer.js:95:5)
    at next (/home/marcos/coderhouse/ProgramacionBackEnd/repo/desafios-entregables/21-testeo-api/node_modules/express/lib/router/route.js:137:13)
    at Route.dispatch (/home/marcos/coderhouse/ProgramacionBackEnd/repo/desafios-entregables/21-testeo-api/node_modules/express/lib/router/route.js:112:3)
    at Layer.handle [as handle_request] (/home/marcos/coderhouse/ProgramacionBackEnd/repo/desafios-entregables/21-testeo-api/node_modules/express/lib/router/layer.js:95:5)
[2022-04-28T17:25:42.263] [ERROR] default - TypeError: Cannot set properties of undefined (setting 'id')
    at ProductService.save (/home/marcos/coderhouse/ProgramacionBackEnd/repo/desafios-entregables/21-testeo-api/src/services/productService.js:32:19)
    at postProducto (/home/marcos/coderhouse/ProgramacionBackEnd/repo/desafios-entregables/21-testeo-api/src/controllers/productos.js:26:35)
    at Layer.handle [as handle_request] (/home/marcos/coderhouse/ProgramacionBackEnd/repo/desafios-entregables/21-testeo-api/node_modules/express/lib/router/layer.js:95:5)
    at next (/home/marcos/coderhouse/ProgramacionBackEnd/repo/desafios-entregables/21-testeo-api/node_modules/express/lib/router/route.js:137:13)
    at Route.dispatch (/home/marcos/coderhouse/ProgramacionBackEnd/repo/desafios-entregables/21-testeo-api/node_modules/express/lib/router/route.js:112:3)
    at Layer.handle [as handle_request] (/home/marcos/coderhouse/ProgramacionBackEnd/repo/desafios-entregables/21-testeo-api/node_modules/express/lib/router/layer.js:95:5)
    at /home/marcos/coderhouse/ProgramacionBackEnd/repo/desafios-entregables/21-testeo-api/node_modules/express/lib/router/index.js:281:22
    at Function.process_params (/home/marcos/coderhouse/ProgramacionBackEnd/repo/desafios-entregables/21-testeo-api/node_modules/express/lib/router/index.js:341:12)
    at next (/home/marcos/coderhouse/ProgramacionBackEnd/repo/desafios-entregables/21-testeo-api/node_modules/express/lib/router/index.js:275:10)
    at Function.handle (/home/marcos/coderhouse/ProgramacionBackEnd/repo/desafios-entregables/21-testeo-api/node_modules/express/lib/router/index.js:174:3)
[2022-04-28T17:54:29.591] [ERROR] default - TypeError: Cannot set properties of undefined (setting 'id')
    at ProductService.save (/home/marcos/coderhouse/ProgramacionBackEnd/repo/desafios-entregables/21-testeo-api/src/services/productService.js:32:19)
    at postProducto (/home/marcos/coderhouse/ProgramacionBackEnd/repo/desafios-entregables/21-testeo-api/src/controllers/productos.js:26:35)
    at Layer.handle [as handle_request] (/home/marcos/coderhouse/ProgramacionBackEnd/repo/desafios-entregables/21-testeo-api/node_modules/express/lib/router/layer.js:95:5)
    at next (/home/marcos/coderhouse/ProgramacionBackEnd/repo/desafios-entregables/21-testeo-api/node_modules/express/lib/router/route.js:137:13)
    at Route.dispatch (/home/marcos/coderhouse/ProgramacionBackEnd/repo/desafios-entregables/21-testeo-api/node_modules/express/lib/router/route.js:112:3)
    at Layer.handle [as handle_request] (/home/marcos/coderhouse/ProgramacionBackEnd/repo/desafios-entregables/21-testeo-api/node_modules/express/lib/router/layer.js:95:5)
    at /home/marcos/coderhouse/ProgramacionBackEnd/repo/desafios-entregables/21-testeo-api/node_modules/express/lib/router/index.js:281:22
    at Function.process_params (/home/marcos/coderhouse/ProgramacionBackEnd/repo/desafios-entregables/21-testeo-api/node_modules/express/lib/router/index.js:341:12)
    at next (/home/marcos/coderhouse/ProgramacionBackEnd/repo/desafios-entregables/21-testeo-api/node_modules/express/lib/router/index.js:275:10)
    at Function.handle (/home/marcos/coderhouse/ProgramacionBackEnd/repo/desafios-entregables/21-testeo-api/node_modules/express/lib/router/index.js:174:3)
[2022-04-28T17:56:49.366] [ERROR] default - TypeError: Cannot set properties of undefined (setting 'id')
    at ProductService.save (/home/marcos/coderhouse/ProgramacionBackEnd/repo/desafios-entregables/21-testeo-api/src/services/productService.js:32:19)
    at postProducto (/home/marcos/coderhouse/ProgramacionBackEnd/repo/desafios-entregables/21-testeo-api/src/controllers/productos.js:26:35)
    at Layer.handle [as handle_request] (/home/marcos/coderhouse/ProgramacionBackEnd/repo/desafios-entregables/21-testeo-api/node_modules/express/lib/router/layer.js:95:5)
    at next (/home/marcos/coderhouse/ProgramacionBackEnd/repo/desafios-entregables/21-testeo-api/node_modules/express/lib/router/route.js:137:13)
    at Route.dispatch (/home/marcos/coderhouse/ProgramacionBackEnd/repo/desafios-entregables/21-testeo-api/node_modules/express/lib/router/route.js:112:3)
    at Layer.handle [as handle_request] (/home/marcos/coderhouse/ProgramacionBackEnd/repo/desafios-entregables/21-testeo-api/node_modules/express/lib/router/layer.js:95:5)
    at /home/marcos/coderhouse/ProgramacionBackEnd/repo/desafios-entregables/21-testeo-api/node_modules/express/lib/router/index.js:281:22
    at Function.process_params (/home/marcos/coderhouse/ProgramacionBackEnd/repo/desafios-entregables/21-testeo-api/node_modules/express/lib/router/index.js:341:12)
    at next (/home/marcos/coderhouse/ProgramacionBackEnd/repo/desafios-entregables/21-testeo-api/node_modules/express/lib/router/index.js:275:10)
    at Function.handle (/home/marcos/coderhouse/ProgramacionBackEnd/repo/desafios-entregables/21-testeo-api/node_modules/express/lib/router/index.js:174:3)
[2022-04-28T17:56:49.376] [ERROR] default - TypeError: Cannot destructure property 'id' of 'undefined' as it is undefined.
    at new ProductDto (/home/marcos/coderhouse/ProgramacionBackEnd/repo/desafios-entregables/21-testeo-api/src/dtos/productoDto.js:2:16)
    at asProductDto (/home/marcos/coderhouse/ProgramacionBackEnd/repo/desafios-entregables/21-testeo-api/src/dtos/productoDto.js:15:12)
    at ProductoDaoMem.getById (/home/marcos/coderhouse/ProgramacionBackEnd/repo/desafios-entregables/21-testeo-api/src/daos/productoDaoMem.js:28:12)
    at ProductRepo.getById (/home/marcos/coderhouse/ProgramacionBackEnd/repo/desafios-entregables/21-testeo-api/src/repos/productRepo.js:18:33)
    at ProductService.getById (/home/marcos/coderhouse/ProgramacionBackEnd/repo/desafios-entregables/21-testeo-api/src/services/productService.js:23:48)
    at deleteProduct (/home/marcos/coderhouse/ProgramacionBackEnd/repo/desafios-entregables/21-testeo-api/src/controllers/productos.js:48:43)
    at Layer.handle [as handle_request] (/home/marcos/coderhouse/ProgramacionBackEnd/repo/desafios-entregables/21-testeo-api/node_modules/express/lib/router/layer.js:95:5)
    at next (/home/marcos/coderhouse/ProgramacionBackEnd/repo/desafios-entregables/21-testeo-api/node_modules/express/lib/router/route.js:137:13)
    at Route.dispatch (/home/marcos/coderhouse/ProgramacionBackEnd/repo/desafios-entregables/21-testeo-api/node_modules/express/lib/router/route.js:112:3)
    at Layer.handle [as handle_request] (/home/marcos/coderhouse/ProgramacionBackEnd/repo/desafios-entregables/21-testeo-api/node_modules/express/lib/router/layer.js:95:5)
[2022-04-28T17:56:49.390] [ERROR] default - TypeError: Cannot destructure property 'id' of 'undefined' as it is undefined.
    at new ProductDto (/home/marcos/coderhouse/ProgramacionBackEnd/repo/desafios-entregables/21-testeo-api/src/dtos/productoDto.js:2:16)
    at asProductDto (/home/marcos/coderhouse/ProgramacionBackEnd/repo/desafios-entregables/21-testeo-api/src/dtos/productoDto.js:15:12)
    at ProductoDaoMem.getById (/home/marcos/coderhouse/ProgramacionBackEnd/repo/desafios-entregables/21-testeo-api/src/daos/productoDaoMem.js:28:12)
    at ProductRepo.getById (/home/marcos/coderhouse/ProgramacionBackEnd/repo/desafios-entregables/21-testeo-api/src/repos/productRepo.js:18:33)
    at ProductService.getById (/home/marcos/coderhouse/ProgramacionBackEnd/repo/desafios-entregables/21-testeo-api/src/services/productService.js:23:48)
    at getProductById (/home/marcos/coderhouse/ProgramacionBackEnd/repo/desafios-entregables/21-testeo-api/src/controllers/productos.js:14:43)
    at Layer.handle [as handle_request] (/home/marcos/coderhouse/ProgramacionBackEnd/repo/desafios-entregables/21-testeo-api/node_modules/express/lib/router/layer.js:95:5)
    at next (/home/marcos/coderhouse/ProgramacionBackEnd/repo/desafios-entregables/21-testeo-api/node_modules/express/lib/router/route.js:137:13)
    at Route.dispatch (/home/marcos/coderhouse/ProgramacionBackEnd/repo/desafios-entregables/21-testeo-api/node_modules/express/lib/router/route.js:112:3)
    at Layer.handle [as handle_request] (/home/marcos/coderhouse/ProgramacionBackEnd/repo/desafios-entregables/21-testeo-api/node_modules/express/lib/router/layer.js:95:5)
[2022-06-27T23:25:40.440] [ERROR] default - ReferenceError: asDto is not defined
    at ProductoDaoMem.getAll (D:\Escritorio\desafio18\src\daos\productoDaoMem.js:22:5)
    at ProductRepo.getAll (D:\Escritorio\desafio18\src\repos\productRepo.js:13:38)
    at ProductService.getAll (D:\Escritorio\desafio18\src\services\productService.js:14:49)
    at getProductosTest (D:\Escritorio\desafio18\src\controllers\productos.js:6:51)
    at Layer.handle [as handle_request] (D:\Escritorio\desafio18\node_modules\express\lib\router\layer.js:95:5)
    at next (D:\Escritorio\desafio18\node_modules\express\lib\router\route.js:137:13)
    at Route.dispatch (D:\Escritorio\desafio18\node_modules\express\lib\router\route.js:112:3)
    at Layer.handle [as handle_request] (D:\Escritorio\desafio18\node_modules\express\lib\router\layer.js:95:5)
    at D:\Escritorio\desafio18\node_modules\express\lib\router\index.js:281:22
    at Function.process_params (D:\Escritorio\desafio18\node_modules\express\lib\router\index.js:341:12)
[2022-06-27T23:25:40.580] [ERROR] default - ReferenceError: asDto is not defined
    at ProductoDaoMem.getById (D:\Escritorio\desafio18\src\daos\productoDaoMem.js:26:5)
    at ProductRepo.getById (D:\Escritorio\desafio18\src\repos\productRepo.js:18:33)
    at ProductService.getById (D:\Escritorio\desafio18\src\services\productService.js:23:48)
    at getProductById (D:\Escritorio\desafio18\src\controllers\productos.js:18:43)
    at Layer.handle [as handle_request] (D:\Escritorio\desafio18\node_modules\express\lib\router\layer.js:95:5)
    at next (D:\Escritorio\desafio18\node_modules\express\lib\router\route.js:137:13)
    at Route.dispatch (D:\Escritorio\desafio18\node_modules\express\lib\router\route.js:112:3)
    at Layer.handle [as handle_request] (D:\Escritorio\desafio18\node_modules\express\lib\router\layer.js:95:5)
    at D:\Escritorio\desafio18\node_modules\express\lib\router\index.js:281:22
    at param (D:\Escritorio\desafio18\node_modules\express\lib\router\index.js:360:14)
[2022-06-27T23:25:40.715] [ERROR] default - ReferenceError: asDto is not defined
    at ProductoDaoMem.getById (D:\Escritorio\desafio18\src\daos\productoDaoMem.js:26:5)
    at ProductRepo.getById (D:\Escritorio\desafio18\src\repos\productRepo.js:18:33)
    at ProductService.getById (D:\Escritorio\desafio18\src\services\productService.js:23:48)
    at deleteProduct (D:\Escritorio\desafio18\src\controllers\productos.js:52:43)
    at Layer.handle [as handle_request] (D:\Escritorio\desafio18\node_modules\express\lib\router\layer.js:95:5)
    at next (D:\Escritorio\desafio18\node_modules\express\lib\router\route.js:137:13)
    at Route.dispatch (D:\Escritorio\desafio18\node_modules\express\lib\router\route.js:112:3)
    at Layer.handle [as handle_request] (D:\Escritorio\desafio18\node_modules\express\lib\router\layer.js:95:5)
    at D:\Escritorio\desafio18\node_modules\express\lib\router\index.js:281:22
    at param (D:\Escritorio\desafio18\node_modules\express\lib\router\index.js:360:14)
[2022-06-27T23:28:46.013] [ERROR] default - ReferenceError: asDto is not defined
    at ProductoDaoMem.getAll (D:\Escritorio\desafio18\src\daos\productoDaoMem.js:22:5)
    at ProductRepo.getAll (D:\Escritorio\desafio18\src\repos\productRepo.js:13:38)
    at ProductService.getAll (D:\Escritorio\desafio18\src\services\productService.js:14:49)
    at getProductosTest (D:\Escritorio\desafio18\src\controllers\productos.js:6:51)
    at Layer.handle [as handle_request] (D:\Escritorio\desafio18\node_modules\express\lib\router\layer.js:95:5)
    at next (D:\Escritorio\desafio18\node_modules\express\lib\router\route.js:137:13)
    at Route.dispatch (D:\Escritorio\desafio18\node_modules\express\lib\router\route.js:112:3)
    at Layer.handle [as handle_request] (D:\Escritorio\desafio18\node_modules\express\lib\router\layer.js:95:5)
    at D:\Escritorio\desafio18\node_modules\express\lib\router\index.js:281:22
    at Function.process_params (D:\Escritorio\desafio18\node_modules\express\lib\router\index.js:341:12)
[2022-06-27T23:28:46.147] [ERROR] default - ReferenceError: asDto is not defined
    at ProductoDaoMem.getById (D:\Escritorio\desafio18\src\daos\productoDaoMem.js:26:5)
    at ProductRepo.getById (D:\Escritorio\desafio18\src\repos\productRepo.js:18:33)
    at ProductService.getById (D:\Escritorio\desafio18\src\services\productService.js:23:48)
    at getProductById (D:\Escritorio\desafio18\src\controllers\productos.js:18:43)
    at Layer.handle [as handle_request] (D:\Escritorio\desafio18\node_modules\express\lib\router\layer.js:95:5)
    at next (D:\Escritorio\desafio18\node_modules\express\lib\router\route.js:137:13)
    at Route.dispatch (D:\Escritorio\desafio18\node_modules\express\lib\router\route.js:112:3)
    at Layer.handle [as handle_request] (D:\Escritorio\desafio18\node_modules\express\lib\router\layer.js:95:5)
    at D:\Escritorio\desafio18\node_modules\express\lib\router\index.js:281:22
    at param (D:\Escritorio\desafio18\node_modules\express\lib\router\index.js:360:14)
[2022-06-27T23:28:46.280] [ERROR] default - ReferenceError: asDto is not defined
    at ProductoDaoMem.getById (D:\Escritorio\desafio18\src\daos\productoDaoMem.js:26:5)
    at ProductRepo.getById (D:\Escritorio\desafio18\src\repos\productRepo.js:18:33)
    at ProductService.getById (D:\Escritorio\desafio18\src\services\productService.js:23:48)
    at deleteProduct (D:\Escritorio\desafio18\src\controllers\productos.js:52:43)
    at Layer.handle [as handle_request] (D:\Escritorio\desafio18\node_modules\express\lib\router\layer.js:95:5)
    at next (D:\Escritorio\desafio18\node_modules\express\lib\router\route.js:137:13)
    at Route.dispatch (D:\Escritorio\desafio18\node_modules\express\lib\router\route.js:112:3)
    at Layer.handle [as handle_request] (D:\Escritorio\desafio18\node_modules\express\lib\router\layer.js:95:5)
    at D:\Escritorio\desafio18\node_modules\express\lib\router\index.js:281:22
    at param (D:\Escritorio\desafio18\node_modules\express\lib\router\index.js:360:14)
[2022-06-27T23:29:44.123] [ERROR] default - ReferenceError: asDto is not defined
    at ProductoDaoMem.getById (D:\Escritorio\desafio18\src\daos\productoDaoMem.js:26:5)
    at ProductRepo.getById (D:\Escritorio\desafio18\src\repos\productRepo.js:18:33)
    at ProductService.getById (D:\Escritorio\desafio18\src\services\productService.js:23:48)
    at deleteProduct (D:\Escritorio\desafio18\src\controllers\productos.js:52:43)
    at Layer.handle [as handle_request] (D:\Escritorio\desafio18\node_modules\express\lib\router\layer.js:95:5)
    at next (D:\Escritorio\desafio18\node_modules\express\lib\router\route.js:137:13)
    at Route.dispatch (D:\Escritorio\desafio18\node_modules\express\lib\router\route.js:112:3)
    at Layer.handle [as handle_request] (D:\Escritorio\desafio18\node_modules\express\lib\router\layer.js:95:5)
    at D:\Escritorio\desafio18\node_modules\express\lib\router\index.js:281:22
    at param (D:\Escritorio\desafio18\node_modules\express\lib\router\index.js:360:14)
[2022-06-27T23:29:44.135] [ERROR] default - ReferenceError: asDto is not defined
    at ProductoDaoMem.getAll (D:\Escritorio\desafio18\src\daos\productoDaoMem.js:22:5)
    at ProductRepo.getAll (D:\Escritorio\desafio18\src\repos\productRepo.js:13:38)
    at ProductService.getAll (D:\Escritorio\desafio18\src\services\productService.js:14:49)
    at getProductosTest (D:\Escritorio\desafio18\src\controllers\productos.js:6:51)
    at Layer.handle [as handle_request] (D:\Escritorio\desafio18\node_modules\express\lib\router\layer.js:95:5)
    at next (D:\Escritorio\desafio18\node_modules\express\lib\router\route.js:137:13)
    at Route.dispatch (D:\Escritorio\desafio18\node_modules\express\lib\router\route.js:112:3)
    at Layer.handle [as handle_request] (D:\Escritorio\desafio18\node_modules\express\lib\router\layer.js:95:5)
    at D:\Escritorio\desafio18\node_modules\express\lib\router\index.js:281:22
    at Function.process_params (D:\Escritorio\desafio18\node_modules\express\lib\router\index.js:341:12)
[2022-06-27T23:29:44.138] [ERROR] default - ReferenceError: asDto is not defined
    at ProductoDaoMem.getById (D:\Escritorio\desafio18\src\daos\productoDaoMem.js:26:5)
    at ProductRepo.getById (D:\Escritorio\desafio18\src\repos\productRepo.js:18:33)
    at ProductService.getById (D:\Escritorio\desafio18\src\services\productService.js:23:48)
    at getProductById (D:\Escritorio\desafio18\src\controllers\productos.js:18:43)
    at Layer.handle [as handle_request] (D:\Escritorio\desafio18\node_modules\express\lib\router\layer.js:95:5)
    at next (D:\Escritorio\desafio18\node_modules\express\lib\router\route.js:137:13)
    at Route.dispatch (D:\Escritorio\desafio18\node_modules\express\lib\router\route.js:112:3)
    at Layer.handle [as handle_request] (D:\Escritorio\desafio18\node_modules\express\lib\router\layer.js:95:5)
    at D:\Escritorio\desafio18\node_modules\express\lib\router\index.js:281:22
    at param (D:\Escritorio\desafio18\node_modules\express\lib\router\index.js:360:14)
